# JRE version: Java(TM) SE Runtime Environment (23.0.2+7) (build 23.0.2+7-58)
# Java VM: Java HotSpot(TM) 64-Bit Server VM (23.0.2+7-58, mixed mode, sharing, tiered, compressed oops, compressed class ptrs, g1 gc, windows-amd64)
GC Precious Log:
 CardTable entry size: 512
 Card Set container configuration: InlinePtr #cards 5 size 8 Array Of Cards #cards 10 size 36 Howl #buckets 4 coarsen threshold 1843 Howl Bitmap #cards 512 size 80 coarsen threshold 460 Card regions per heap region 1 cards per card region 2048
 CPUs: 4 total, 4 available
 Memory: 3933M
 Large Page Support: Disabled
 NUMA Support: Disabled
 Compressed Oops: Enabled (32-bit)
 Heap Region Size: 1M
 Heap Min Capacity: 8M
 Heap Initial Capacity: 8M
 Heap Max Capacity: 984M
 Pre-touch: Disabled
 Parallel Workers: 4
 Concurrent Workers: 1
 Concurrent Refinement Workers: 4
 Periodic GC: Disabled
Heap:
 garbage-first heap   total reserved 1007616K, committed 12288K, used 7201K [0x00000000c2800000, 0x0000000100000000)
  region size 1024K, 1 young (1024K), 1 survivors (1024K)
 Metaspace       used 9398K, committed 9664K, reserved 1114112K
  class space    used 1083K, committed 1216K, reserved 1048576K
GC Heap History (20 events):
Event: 1.939 GC heap after
{Heap after GC invocations=3 (full 0):
 garbage-first heap   total reserved 1007616K, committed 8192K, used 3128K [0x00000000c2800000, 0x0000000100000000)
  region size 1024K, 1 young (1024K), 1 survivors (1024K)
 Metaspace       used 8176K, committed 8384K, reserved 1114112K
  class space    used 941K, committed 1088K, reserved 1048576K
}
Event: 2.065 GC heap before
{Heap before GC invocations=3 (full 0):
 garbage-first heap   total reserved 1007616K, committed 8192K, used 5176K [0x00000000c2800000, 0x0000000100000000)
  region size 1024K, 3 young (3072K), 1 survivors (1024K)
 Metaspace       used 8447K, committed 8704K, reserved 1114112K
  class space    used 971K, committed 1088K, reserved 1048576K
}
Event: 2.069 GC heap after
{Heap after GC invocations=4 (full 0):
 garbage-first heap   total reserved 1007616K, committed 8192K, used 3783K [0x00000000c2800000, 0x0000000100000000)
  region size 1024K, 1 young (1024K), 1 survivors (1024K)
 Metaspace       used 8447K, committed 8704K, reserved 1114112K
  class space    used 971K, committed 1088K, reserved 1048576K
}
Event: 2.292 GC heap before
{Heap before GC invocations=4 (full 0):
 garbage-first heap   total reserved 1007616K, committed 8192K, used 5831K [0x00000000c2800000, 0x0000000100000000)
  region size 1024K, 3 young (3072K), 1 survivors (1024K)
 Metaspace       used 9034K, committed 9216K, reserved 1114112K
  class space    used 1040K, committed 1088K, reserved 1048576K
}
Event: 2.297 GC heap after
{Heap after GC invocations=5 (full 0):
 garbage-first heap   total reserved 1007616K, committed 8192K, used 4914K [0x00000000c2800000, 0x0000000100000000)
  region size 1024K, 1 young (1024K), 1 survivors (1024K)
 Metaspace       used 9034K, committed 9216K, reserved 1114112K
  class space    used 1040K, committed 1088K, reserved 1048576K
}
Event: 2.366 GC heap before
{Heap before GC invocations=5 (full 0):
 garbage-first heap   total reserved 1007616K, committed 8192K, used 5938K [0x00000000c2800000, 0x0000000100000000)
  region size 1024K, 2 young (2048K), 1 survivors (1024K)
 Metaspace       used 9185K, committed 9408K, reserved 1114112K
  class space    used 1065K, committed 1216K, reserved 1048576K
}
Event: 2.369 GC heap after
{Heap after GC invocations=6 (full 0):
 garbage-first heap   total reserved 1007616K, committed 10240K, used 5151K [0x00000000c2800000, 0x0000000100000000)
  region size 1024K, 1 young (1024K), 1 survivors (1024K)
 Metaspace       used 9185K, committed 9408K, reserved 1114112K
  class space    used 1065K, committed 1216K, reserved 1048576K
}
Event: 2.402 GC heap before
{Heap before GC invocations=7 (full 0):
 garbage-first heap   total reserved 1007616K, committed 10240K, used 7199K [0x00000000c2800000, 0x0000000100000000)
  region size 1024K, 3 young (3072K), 1 survivors (1024K)
 Metaspace       used 9214K, committed 9472K, reserved 1114112K
  class space    used 1065K, committed 1216K, reserved 1048576K
}
Event: 2.404 GC heap after
{Heap after GC invocations=8 (full 0):
 garbage-first heap   total reserved 1007616K, committed 10240K, used 5415K [0x00000000c2800000, 0x0000000100000000)
  region size 1024K, 1 young (1024K), 1 survivors (1024K)
 Metaspace       used 9214K, committed 9472K, reserved 1114112K
  class space    used 1065K, committed 1216K, reserved 1048576K
}
Event: 2.450 GC heap before
{Heap before GC invocations=8 (full 0):
 garbage-first heap   total reserved 1007616K, committed 10240K, used 7463K [0x00000000c2800000, 0x0000000100000000)
  region size 1024K, 3 young (3072K), 1 survivors (1024K)
 Metaspace       used 9287K, committed 9536K, reserved 1114112K
  class space    used 1072K, committed 1216K, reserved 1048576K
}
Event: 2.453 GC heap after
{Heap after GC invocations=9 (full 0):
 garbage-first heap   total reserved 1007616K, committed 10240K, used 5689K [0x00000000c2800000, 0x0000000100000000)
  region size 1024K, 1 young (1024K), 1 survivors (1024K)
 Metaspace       used 9287K, committed 9536K, reserved 1114112K
  class space    used 1072K, committed 1216K, reserved 1048576K
}
Event: 2.475 GC heap before
{Heap before GC invocations=10 (full 0):
 garbage-first heap   total reserved 1007616K, committed 10240K, used 7737K [0x00000000c2800000, 0x0000000100000000)
  region size 1024K, 3 young (3072K), 1 survivors (1024K)
 Metaspace       used 9307K, committed 9536K, reserved 1114112K
  class space    used 1072K, committed 1216K, reserved 1048576K
}
Event: 2.478 GC heap after
{Heap after GC invocations=11 (full 0):
 garbage-first heap   total reserved 1007616K, committed 10240K, used 5902K [0x00000000c2800000, 0x0000000100000000)
  region size 1024K, 1 young (1024K), 1 survivors (1024K)
 Metaspace       used 9307K, committed 9536K, reserved 1114112K
  class space    used 1072K, committed 1216K, reserved 1048576K
}
Event: 2.487 GC heap before
{Heap before GC invocations=11 (full 0):
 garbage-first heap   total reserved 1007616K, committed 10240K, used 5902K [0x00000000c2800000, 0x0000000100000000)
  region size 1024K, 2 young (2048K), 1 survivors (1024K)
 Metaspace       used 9319K, committed 9600K, reserved 1114112K
  class space    used 1072K, committed 1216K, reserved 1048576K
}
Event: 2.490 GC heap after
{Heap after GC invocations=12 (full 0):
 garbage-first heap   total reserved 1007616K, committed 10240K, used 6147K [0x00000000c2800000, 0x0000000100000000)
  region size 1024K, 1 young (1024K), 1 survivors (1024K)
 Metaspace       used 9319K, committed 9600K, reserved 1114112K
  class space    used 1072K, committed 1216K, reserved 1048576K
}
Event: 2.529 GC heap before
{Heap before GC invocations=13 (full 0):
 garbage-first heap   total reserved 1007616K, committed 12288K, used 7171K [0x00000000c2800000, 0x0000000100000000)
  region size 1024K, 2 young (2048K), 1 survivors (1024K)
 Metaspace       used 9398K, committed 9664K, reserved 1114112K
  class space    used 1083K, committed 1216K, reserved 1048576K
}
Event: 2.531 GC heap after
{Heap after GC invocations=14 (full 0):
 garbage-first heap   total reserved 1007616K, committed 12288K, used 6557K [0x00000000c2800000, 0x0000000100000000)
  region size 1024K, 1 young (1024K), 1 survivors (1024K)
 Metaspace       used 9398K, committed 9664K, reserved 1114112K
  class space    used 1083K, committed 1216K, reserved 1048576K
}
Event: 2.545 GC heap before
{Heap before GC invocations=14 (full 0):
 garbage-first heap   total reserved 1007616K, committed 12288K, used 8605K [0x00000000c2800000, 0x0000000100000000)
  region size 1024K, 3 young (3072K), 1 survivors (1024K)
 Metaspace       used 9398K, committed 9664K, reserved 1114112K
  class space    used 1083K, committed 1216K, reserved 1048576K
}
Event: 2.548 GC heap after
{Heap after GC invocations=15 (full 0):
 garbage-first heap   total reserved 1007616K, committed 12288K, used 6972K [0x00000000c2800000, 0x0000000100000000)
  region size 1024K, 1 young (1024K), 1 survivors (1024K)
 Metaspace       used 9398K, committed 9664K, reserved 1114112K
  class space    used 1083K, committed 1216K, reserved 1048576K
}
Event: 2.556 GC heap before
{Heap before GC invocations=15 (full 0):
 garbage-first heap   total reserved 1007616K, committed 12288K, used 9020K [0x00000000c2800000, 0x0000000100000000)
  region size 1024K, 3 young (3072K), 1 survivors (1024K)
 Metaspace       used 9398K, committed 9664K, reserved 1114112K
  class space    used 1083K, committed 1216K, reserved 1048576K
}

